<?xml version="1.0" encoding="UTF-8"?>
<testsuite name="ua.gg.lol.EquationTest" tests="3" skipped="0" failures="0" errors="0" timestamp="2021-02-24T12:55:11" hostname="GARUDA-ПК" time="0.008">
  <properties/>
  <testcase name="test0" classname="ua.gg.lol.EquationTest" time="0.005"/>
  <testcase name="test1" classname="ua.gg.lol.EquationTest" time="0.001"/>
  <testcase name="test2" classname="ua.gg.lol.EquationTest" time="0.0"/>
  <system-out><![CDATA[]]></system-out>
  <system-err><![CDATA[]]></system-err>
</testsuite>
