<?xml version="1.0" encoding="UTF-8"?>
<testsuite name="ua.gg.lol.SquareTest" tests="1" skipped="0" failures="0" errors="0" timestamp="2020-12-15T13:32:17" hostname="GARUDA-PC" time="0.011">
  <properties/>
  <testcase name="testArea" classname="ua.gg.lol.SquareTest" time="0.011"/>
  <system-out><![CDATA[]]></system-out>
  <system-err><![CDATA[]]></system-err>
</testsuite>
