<?xml version="1.0" encoding="UTF-8"?>
<testsuite name="garuda.dndz.ua.tests.GroupModificationTests" tests="1" skipped="0" failures="0" errors="0" timestamp="2020-12-18T13:20:37" hostname="GARUDA-PC" time="1.071">
  <properties/>
  <testcase name="modificationTest" classname="garuda.dndz.ua.tests.GroupModificationTests" time="1.071"/>
  <system-out><![CDATA[6832 [Test worker] INFO  garuda.dndz.ua.tests.TestBase - Start test modificationTestwith parameters[] 
6874 [Test worker] INFO  o.h.h.i.QueryTranslatorFactoryInitiator - HHH000397: Using ASTQueryTranslatorFactory 
Hibernate: select groupdata0_.group_id as group_id1_1_, groupdata0_.group_footer as group_fo2_1_, groupdata0_.group_header as group_he3_1_, groupdata0_.group_name as group_na4_1_ from group_list groupdata0_
Hibernate: select groupdata0_.group_id as group_id1_1_, groupdata0_.group_footer as group_fo2_1_, groupdata0_.group_header as group_he3_1_, groupdata0_.group_name as group_na4_1_ from group_list groupdata0_
Hibernate: select groupdata0_.group_id as group_id1_1_, groupdata0_.group_footer as group_fo2_1_, groupdata0_.group_header as group_he3_1_, groupdata0_.group_name as group_na4_1_ from group_list groupdata0_
8063 [Test worker] INFO  garuda.dndz.ua.tests.TestBase - Stop test modificationTest 
]]></system-out>
  <system-err><![CDATA[]]></system-err>
</testsuite>
