<?xml version="1.0" encoding="UTF-8"?>
<testsuite name="garuda.dndz.ua.tests.ContactModificationTest" tests="1" skipped="0" failures="0" errors="0" timestamp="2020-12-17T13:34:34" hostname="GARUDA-PC" time="0.702">
  <properties/>
  <testcase name="testContactModification" classname="garuda.dndz.ua.tests.ContactModificationTest" time="0.702"/>
  <system-out><![CDATA[7942 [Test worker] INFO  garuda.dndz.ua.tests.TestBase - Start test testContactModificationwith parameters[] 
8648 [Test worker] INFO  garuda.dndz.ua.tests.TestBase - Stop test testContactModification 
]]></system-out>
  <system-err><![CDATA[]]></system-err>
</testsuite>
