<?xml version="1.0" encoding="UTF-8"?>
<testsuite name="garuda.dndz.ua.tests.GroupCreationTests" tests="11" skipped="0" failures="0" errors="0" timestamp="2020-12-11T13:35:28" hostname="GARUDA-PC" time="20.582">
  <properties/>
  <testcase name="addGroupBadTest" classname="garuda.dndz.ua.tests.GroupCreationTests" time="2.524"/>
  <testcase name="addGroupTest[0](GroupData{id='2147483647', name='test 0'})" classname="garuda.dndz.ua.tests.GroupCreationTests" time="1.691"/>
  <testcase name="addGroupTest[1](GroupData{id='2147483647', name='test 1'})" classname="garuda.dndz.ua.tests.GroupCreationTests" time="1.693"/>
  <testcase name="addGroupTest[2](GroupData{id='2147483647', name='test 2'})" classname="garuda.dndz.ua.tests.GroupCreationTests" time="1.75"/>
  <testcase name="addGroupTest[3](GroupData{id='2147483647', name='test 3'})" classname="garuda.dndz.ua.tests.GroupCreationTests" time="1.848"/>
  <testcase name="addGroupTest[4](GroupData{id='2147483647', name='test 4'})" classname="garuda.dndz.ua.tests.GroupCreationTests" time="1.8"/>
  <testcase name="addGroupTest[5](GroupData{id='2147483647', name='test 5'})" classname="garuda.dndz.ua.tests.GroupCreationTests" time="1.909"/>
  <testcase name="addGroupTest[6](GroupData{id='2147483647', name='test 6'})" classname="garuda.dndz.ua.tests.GroupCreationTests" time="1.795"/>
  <testcase name="addGroupTest[7](GroupData{id='2147483647', name='test 7'})" classname="garuda.dndz.ua.tests.GroupCreationTests" time="1.831"/>
  <testcase name="addGroupTest[8](GroupData{id='2147483647', name='test 8'})" classname="garuda.dndz.ua.tests.GroupCreationTests" time="1.875"/>
  <testcase name="addGroupTest[9](GroupData{id='2147483647', name='test 9'})" classname="garuda.dndz.ua.tests.GroupCreationTests" time="1.854"/>
  <system-out><![CDATA[]]></system-out>
  <system-err><![CDATA[]]></system-err>
</testsuite>
