<?xml version="1.0" encoding="UTF-8"?>
<testsuite name="garuda.dndz.ua.tests.GroupCreationTests" tests="2" skipped="0" failures="0" errors="0" timestamp="2020-12-09T14:17:38" hostname="GARUDA-PC" time="2.625">
  <properties/>
  <testcase name="addGroupBadTest" classname="garuda.dndz.ua.tests.GroupCreationTests" time="1.491"/>
  <testcase name="addGroupTest" classname="garuda.dndz.ua.tests.GroupCreationTests" time="1.134"/>
  <system-out><![CDATA[]]></system-out>
  <system-err><![CDATA[]]></system-err>
</testsuite>
