<?xml version="1.0" encoding="UTF-8"?>
<testsuite name="garuda.dndz.ua.tests.ContactCreationTest" tests="1" skipped="0" failures="0" errors="0" timestamp="2020-12-15T18:40:11" hostname="GARUDA-PC" time="0.814">
  <properties/>
  <testcase name="testContactCreation" classname="garuda.dndz.ua.tests.ContactCreationTest" time="0.814"/>
  <system-out><![CDATA[5276 [Test worker] INFO  garuda.dndz.ua.tests.TestBase - Start test testContactCreationwith parameters[] 
5280 [Forwarding findElement on session e5ff067b76c427af485b6569429bdf58 to remote] DEBUG o.a.n.request.NettyRequestSender - Using pooled Channel '[id: 0xbaa5bb02, L:/127.0.0.1:49432 - R:localhost/127.0.0.1:5750]' for 'POST' to 'http://localhost:5750/session/e5ff067b76c427af485b6569429bdf58/element' 
5280 [Forwarding findElement on session e5ff067b76c427af485b6569429bdf58 to remote] DEBUG o.a.n.request.NettyRequestSender - Using open Channel [id: 0xbaa5bb02, L:/127.0.0.1:49432 - R:localhost/127.0.0.1:5750] for POST '/session/e5ff067b76c427af485b6569429bdf58/element' 
5290 [AsyncHttpClient-1-2] DEBUG o.a.netty.handler.HttpHandler - 

Request DefaultHttpRequest(decodeResult: success, version: HTTP/1.1)
POST /session/e5ff067b76c427af485b6569429bdf58/element HTTP/1.1
User-Agent: selenium/4.0.0-alpha-7 (java windows)
Content-Length: 54
Content-Type: application/json; charset=utf-8
host: localhost:5750
accept: */*

Response DefaultHttpResponse(decodeResult: success, version: HTTP/1.1)
HTTP/1.1 200 OK
Content-Length: 88
Content-Type: application/json; charset=utf-8
cache-control: no-cache
 
5291 [AsyncHttpClient-1-2] DEBUG o.a.netty.channel.ChannelManager - Adding key: http://localhost:5750 for channel [id: 0xbaa5bb02, L:/127.0.0.1:49432 - R:localhost/127.0.0.1:5750] 
5293 [Forwarding findElement on session e5ff067b76c427af485b6569429bdf58 to remote] DEBUG o.a.n.request.NettyRequestSender - Using pooled Channel '[id: 0xbaa5bb02, L:/127.0.0.1:49432 - R:localhost/127.0.0.1:5750]' for 'POST' to 'http://localhost:5750/session/e5ff067b76c427af485b6569429bdf58/element' 
5293 [Forwarding findElement on session e5ff067b76c427af485b6569429bdf58 to remote] DEBUG o.a.n.request.NettyRequestSender - Using open Channel [id: 0xbaa5bb02, L:/127.0.0.1:49432 - R:localhost/127.0.0.1:5750] for POST '/session/e5ff067b76c427af485b6569429bdf58/element' 
5307 [AsyncHttpClient-1-2] DEBUG o.a.netty.handler.HttpHandler - 

Request DefaultHttpRequest(decodeResult: success, version: HTTP/1.1)
POST /session/e5ff067b76c427af485b6569429bdf58/element HTTP/1.1
User-Agent: selenium/4.0.0-alpha-7 (java windows)
Content-Length: 48
Content-Type: application/json; charset=utf-8
host: localhost:5750
accept: */*

Response DefaultHttpResponse(decodeResult: success, version: HTTP/1.1)
HTTP/1.1 200 OK
Content-Length: 88
Content-Type: application/json; charset=utf-8
cache-control: no-cache
 
5308 [AsyncHttpClient-1-2] DEBUG o.a.netty.channel.ChannelManager - Adding key: http://localhost:5750 for channel [id: 0xbaa5bb02, L:/127.0.0.1:49432 - R:localhost/127.0.0.1:5750] 
5310 [Forwarding clickElement on session e5ff067b76c427af485b6569429bdf58 to remote] DEBUG o.a.n.request.NettyRequestSender - Using pooled Channel '[id: 0xbaa5bb02, L:/127.0.0.1:49432 - R:localhost/127.0.0.1:5750]' for 'POST' to 'http://localhost:5750/session/e5ff067b76c427af485b6569429bdf58/element/7a16a646-86cf-4c8b-bb76-daf721776bbc/click' 
5310 [Forwarding clickElement on session e5ff067b76c427af485b6569429bdf58 to remote] DEBUG o.a.n.request.NettyRequestSender - Using open Channel [id: 0xbaa5bb02, L:/127.0.0.1:49432 - R:localhost/127.0.0.1:5750] for POST '/session/e5ff067b76c427af485b6569429bdf58/element/7a16a646-86cf-4c8b-bb76-daf721776bbc/click' 
5399 [AsyncHttpClient-1-2] DEBUG o.a.netty.handler.HttpHandler - 

Request DefaultHttpRequest(decodeResult: success, version: HTTP/1.1)
POST /session/e5ff067b76c427af485b6569429bdf58/element/7a16a646-86cf-4c8b-bb76-daf721776bbc/click HTTP/1.1
User-Agent: selenium/4.0.0-alpha-7 (java windows)
Content-Length: 50
Content-Type: application/json; charset=utf-8
host: localhost:5750
accept: */*

Response DefaultHttpResponse(decodeResult: success, version: HTTP/1.1)
HTTP/1.1 200 OK
Content-Length: 14
Content-Type: application/json; charset=utf-8
cache-control: no-cache
 
5399 [AsyncHttpClient-1-2] DEBUG o.a.netty.channel.ChannelManager - Adding key: http://localhost:5750 for channel [id: 0xbaa5bb02, L:/127.0.0.1:49432 - R:localhost/127.0.0.1:5750] 
5402 [Forwarding findElement on session e5ff067b76c427af485b6569429bdf58 to remote] DEBUG o.a.n.request.NettyRequestSender - Using pooled Channel '[id: 0xbaa5bb02, L:/127.0.0.1:49432 - R:localhost/127.0.0.1:5750]' for 'POST' to 'http://localhost:5750/session/e5ff067b76c427af485b6569429bdf58/element' 
5402 [Forwarding findElement on session e5ff067b76c427af485b6569429bdf58 to remote] DEBUG o.a.n.request.NettyRequestSender - Using open Channel [id: 0xbaa5bb02, L:/127.0.0.1:49432 - R:localhost/127.0.0.1:5750] for POST '/session/e5ff067b76c427af485b6569429bdf58/element' 
5413 [AsyncHttpClient-1-2] DEBUG o.a.netty.handler.HttpHandler - 

Request DefaultHttpRequest(decodeResult: success, version: HTTP/1.1)
POST /session/e5ff067b76c427af485b6569429bdf58/element HTTP/1.1
User-Agent: selenium/4.0.0-alpha-7 (java windows)
Content-Length: 63
Content-Type: application/json; charset=utf-8
host: localhost:5750
accept: */*

Response DefaultHttpResponse(decodeResult: success, version: HTTP/1.1)
HTTP/1.1 200 OK
Content-Length: 88
Content-Type: application/json; charset=utf-8
cache-control: no-cache
 
5413 [AsyncHttpClient-1-2] DEBUG o.a.netty.channel.ChannelManager - Adding key: http://localhost:5750 for channel [id: 0xbaa5bb02, L:/127.0.0.1:49432 - R:localhost/127.0.0.1:5750] 
5415 [Forwarding clickElement on session e5ff067b76c427af485b6569429bdf58 to remote] DEBUG o.a.n.request.NettyRequestSender - Using pooled Channel '[id: 0xbaa5bb02, L:/127.0.0.1:49432 - R:localhost/127.0.0.1:5750]' for 'POST' to 'http://localhost:5750/session/e5ff067b76c427af485b6569429bdf58/element/7c354f19-680c-431f-9757-9c17a480c028/click' 
5415 [Forwarding clickElement on session e5ff067b76c427af485b6569429bdf58 to remote] DEBUG o.a.n.request.NettyRequestSender - Using open Channel [id: 0xbaa5bb02, L:/127.0.0.1:49432 - R:localhost/127.0.0.1:5750] for POST '/session/e5ff067b76c427af485b6569429bdf58/element/7c354f19-680c-431f-9757-9c17a480c028/click' 
5456 [AsyncHttpClient-1-2] DEBUG o.a.netty.handler.HttpHandler - 

Request DefaultHttpRequest(decodeResult: success, version: HTTP/1.1)
POST /session/e5ff067b76c427af485b6569429bdf58/element/7c354f19-680c-431f-9757-9c17a480c028/click HTTP/1.1
User-Agent: selenium/4.0.0-alpha-7 (java windows)
Content-Length: 50
Content-Type: application/json; charset=utf-8
host: localhost:5750
accept: */*

Response DefaultHttpResponse(decodeResult: success, version: HTTP/1.1)
HTTP/1.1 200 OK
Content-Length: 14
Content-Type: application/json; charset=utf-8
cache-control: no-cache
 
5456 [AsyncHttpClient-1-2] DEBUG o.a.netty.channel.ChannelManager - Adding key: http://localhost:5750 for channel [id: 0xbaa5bb02, L:/127.0.0.1:49432 - R:localhost/127.0.0.1:5750] 
5458 [Forwarding findElement on session e5ff067b76c427af485b6569429bdf58 to remote] DEBUG o.a.n.request.NettyRequestSender - Using pooled Channel '[id: 0xbaa5bb02, L:/127.0.0.1:49432 - R:localhost/127.0.0.1:5750]' for 'POST' to 'http://localhost:5750/session/e5ff067b76c427af485b6569429bdf58/element' 
5458 [Forwarding findElement on session e5ff067b76c427af485b6569429bdf58 to remote] DEBUG o.a.n.request.NettyRequestSender - Using open Channel [id: 0xbaa5bb02, L:/127.0.0.1:49432 - R:localhost/127.0.0.1:5750] for POST '/session/e5ff067b76c427af485b6569429bdf58/element' 
5466 [AsyncHttpClient-1-2] DEBUG o.a.netty.handler.HttpHandler - 

Request DefaultHttpRequest(decodeResult: success, version: HTTP/1.1)
POST /session/e5ff067b76c427af485b6569429bdf58/element HTTP/1.1
User-Agent: selenium/4.0.0-alpha-7 (java windows)
Content-Length: 63
Content-Type: application/json; charset=utf-8
host: localhost:5750
accept: */*

Response DefaultHttpResponse(decodeResult: success, version: HTTP/1.1)
HTTP/1.1 200 OK
Content-Length: 88
Content-Type: application/json; charset=utf-8
cache-control: no-cache
 
5467 [AsyncHttpClient-1-2] DEBUG o.a.netty.channel.ChannelManager - Adding key: http://localhost:5750 for channel [id: 0xbaa5bb02, L:/127.0.0.1:49432 - R:localhost/127.0.0.1:5750] 
5471 [Forwarding getElementAttribute on session e5ff067b76c427af485b6569429bdf58 to remote] DEBUG o.a.n.request.NettyRequestSender - Using pooled Channel '[id: 0xbaa5bb02, L:/127.0.0.1:49432 - R:localhost/127.0.0.1:5750]' for 'POST' to 'http://localhost:5750/session/e5ff067b76c427af485b6569429bdf58/execute/sync' 
5471 [Forwarding getElementAttribute on session e5ff067b76c427af485b6569429bdf58 to remote] DEBUG o.a.n.request.NettyRequestSender - Using open Channel [id: 0xbaa5bb02, L:/127.0.0.1:49432 - R:localhost/127.0.0.1:5750] for POST '/session/e5ff067b76c427af485b6569429bdf58/execute/sync' 
5480 [AsyncHttpClient-1-2] DEBUG o.a.netty.handler.HttpHandler - 

Request DefaultHttpRequest(decodeResult: success, version: HTTP/1.1)
POST /session/e5ff067b76c427af485b6569429bdf58/execute/sync HTTP/1.1
User-Agent: selenium/4.0.0-alpha-7 (java windows)
Content-Length: 48527
Content-Type: application/json; charset=utf-8
host: localhost:5750
accept: */*

Response DefaultHttpResponse(decodeResult: success, version: HTTP/1.1)
HTTP/1.1 200 OK
Content-Length: 12
Content-Type: application/json; charset=utf-8
cache-control: no-cache
 
5481 [AsyncHttpClient-1-2] DEBUG o.a.netty.channel.ChannelManager - Adding key: http://localhost:5750 for channel [id: 0xbaa5bb02, L:/127.0.0.1:49432 - R:localhost/127.0.0.1:5750] 
5482 [Forwarding findElement on session e5ff067b76c427af485b6569429bdf58 to remote] DEBUG o.a.n.request.NettyRequestSender - Using pooled Channel '[id: 0xbaa5bb02, L:/127.0.0.1:49432 - R:localhost/127.0.0.1:5750]' for 'POST' to 'http://localhost:5750/session/e5ff067b76c427af485b6569429bdf58/element' 
5482 [Forwarding findElement on session e5ff067b76c427af485b6569429bdf58 to remote] DEBUG o.a.n.request.NettyRequestSender - Using open Channel [id: 0xbaa5bb02, L:/127.0.0.1:49432 - R:localhost/127.0.0.1:5750] for POST '/session/e5ff067b76c427af485b6569429bdf58/element' 
5488 [AsyncHttpClient-1-2] DEBUG o.a.netty.handler.HttpHandler - 

Request DefaultHttpRequest(decodeResult: success, version: HTTP/1.1)
POST /session/e5ff067b76c427af485b6569429bdf58/element HTTP/1.1
User-Agent: selenium/4.0.0-alpha-7 (java windows)
Content-Length: 63
Content-Type: application/json; charset=utf-8
host: localhost:5750
accept: */*

Response DefaultHttpResponse(decodeResult: success, version: HTTP/1.1)
HTTP/1.1 200 OK
Content-Length: 88
Content-Type: application/json; charset=utf-8
cache-control: no-cache
 
5488 [AsyncHttpClient-1-2] DEBUG o.a.netty.channel.ChannelManager - Adding key: http://localhost:5750 for channel [id: 0xbaa5bb02, L:/127.0.0.1:49432 - R:localhost/127.0.0.1:5750] 
5490 [Forwarding clearElement on session e5ff067b76c427af485b6569429bdf58 to remote] DEBUG o.a.n.request.NettyRequestSender - Using pooled Channel '[id: 0xbaa5bb02, L:/127.0.0.1:49432 - R:localhost/127.0.0.1:5750]' for 'POST' to 'http://localhost:5750/session/e5ff067b76c427af485b6569429bdf58/element/7c354f19-680c-431f-9757-9c17a480c028/clear' 
5490 [Forwarding clearElement on session e5ff067b76c427af485b6569429bdf58 to remote] DEBUG o.a.n.request.NettyRequestSender - Using open Channel [id: 0xbaa5bb02, L:/127.0.0.1:49432 - R:localhost/127.0.0.1:5750] for POST '/session/e5ff067b76c427af485b6569429bdf58/element/7c354f19-680c-431f-9757-9c17a480c028/clear' 
5508 [AsyncHttpClient-1-2] DEBUG o.a.netty.handler.HttpHandler - 

Request DefaultHttpRequest(decodeResult: success, version: HTTP/1.1)
POST /session/e5ff067b76c427af485b6569429bdf58/element/7c354f19-680c-431f-9757-9c17a480c028/clear HTTP/1.1
User-Agent: selenium/4.0.0-alpha-7 (java windows)
Content-Length: 50
Content-Type: application/json; charset=utf-8
host: localhost:5750
accept: */*

Response DefaultHttpResponse(decodeResult: success, version: HTTP/1.1)
HTTP/1.1 200 OK
Content-Length: 14
Content-Type: application/json; charset=utf-8
cache-control: no-cache
 
5508 [AsyncHttpClient-1-2] DEBUG o.a.netty.channel.ChannelManager - Adding key: http://localhost:5750 for channel [id: 0xbaa5bb02, L:/127.0.0.1:49432 - R:localhost/127.0.0.1:5750] 
5510 [Forwarding findElement on session e5ff067b76c427af485b6569429bdf58 to remote] DEBUG o.a.n.request.NettyRequestSender - Using pooled Channel '[id: 0xbaa5bb02, L:/127.0.0.1:49432 - R:localhost/127.0.0.1:5750]' for 'POST' to 'http://localhost:5750/session/e5ff067b76c427af485b6569429bdf58/element' 
5510 [Forwarding findElement on session e5ff067b76c427af485b6569429bdf58 to remote] DEBUG o.a.n.request.NettyRequestSender - Using open Channel [id: 0xbaa5bb02, L:/127.0.0.1:49432 - R:localhost/127.0.0.1:5750] for POST '/session/e5ff067b76c427af485b6569429bdf58/element' 
5517 [AsyncHttpClient-1-2] DEBUG o.a.netty.handler.HttpHandler - 

Request DefaultHttpRequest(decodeResult: success, version: HTTP/1.1)
POST /session/e5ff067b76c427af485b6569429bdf58/element HTTP/1.1
User-Agent: selenium/4.0.0-alpha-7 (java windows)
Content-Length: 63
Content-Type: application/json; charset=utf-8
host: localhost:5750
accept: */*

Response DefaultHttpResponse(decodeResult: success, version: HTTP/1.1)
HTTP/1.1 200 OK
Content-Length: 88
Content-Type: application/json; charset=utf-8
cache-control: no-cache
 
5517 [AsyncHttpClient-1-2] DEBUG o.a.netty.channel.ChannelManager - Adding key: http://localhost:5750 for channel [id: 0xbaa5bb02, L:/127.0.0.1:49432 - R:localhost/127.0.0.1:5750] 
5519 [Forwarding sendKeysToElement on session e5ff067b76c427af485b6569429bdf58 to remote] DEBUG o.a.n.request.NettyRequestSender - Using pooled Channel '[id: 0xbaa5bb02, L:/127.0.0.1:49432 - R:localhost/127.0.0.1:5750]' for 'POST' to 'http://localhost:5750/session/e5ff067b76c427af485b6569429bdf58/element/7c354f19-680c-431f-9757-9c17a480c028/value' 
5519 [Forwarding sendKeysToElement on session e5ff067b76c427af485b6569429bdf58 to remote] DEBUG o.a.n.request.NettyRequestSender - Using open Channel [id: 0xbaa5bb02, L:/127.0.0.1:49432 - R:localhost/127.0.0.1:5750] for POST '/session/e5ff067b76c427af485b6569429bdf58/element/7c354f19-680c-431f-9757-9c17a480c028/value' 
5541 [AsyncHttpClient-1-2] DEBUG o.a.netty.handler.HttpHandler - 

Request DefaultHttpRequest(decodeResult: success, version: HTTP/1.1)
POST /session/e5ff067b76c427af485b6569429bdf58/element/7c354f19-680c-431f-9757-9c17a480c028/value HTTP/1.1
User-Agent: selenium/4.0.0-alpha-7 (java windows)
Content-Length: 171
Content-Type: application/json; charset=utf-8
host: localhost:5750
accept: */*

Response DefaultHttpResponse(decodeResult: success, version: HTTP/1.1)
HTTP/1.1 200 OK
Content-Length: 14
Content-Type: application/json; charset=utf-8
cache-control: no-cache
 
5541 [AsyncHttpClient-1-2] DEBUG o.a.netty.channel.ChannelManager - Adding key: http://localhost:5750 for channel [id: 0xbaa5bb02, L:/127.0.0.1:49432 - R:localhost/127.0.0.1:5750] 
5541 [Forwarding findElement on session e5ff067b76c427af485b6569429bdf58 to remote] DEBUG o.a.n.request.NettyRequestSender - Using pooled Channel '[id: 0xbaa5bb02, L:/127.0.0.1:49432 - R:localhost/127.0.0.1:5750]' for 'POST' to 'http://localhost:5750/session/e5ff067b76c427af485b6569429bdf58/element' 
5541 [Forwarding findElement on session e5ff067b76c427af485b6569429bdf58 to remote] DEBUG o.a.n.request.NettyRequestSender - Using open Channel [id: 0xbaa5bb02, L:/127.0.0.1:49432 - R:localhost/127.0.0.1:5750] for POST '/session/e5ff067b76c427af485b6569429bdf58/element' 
5541 [AsyncHttpClient-1-2] DEBUG o.a.netty.handler.HttpHandler - 

Request DefaultHttpRequest(decodeResult: success, version: HTTP/1.1)
POST /session/e5ff067b76c427af485b6569429bdf58/element HTTP/1.1
User-Agent: selenium/4.0.0-alpha-7 (java windows)
Content-Length: 62
Content-Type: application/json; charset=utf-8
host: localhost:5750
accept: */*

Response DefaultHttpResponse(decodeResult: success, version: HTTP/1.1)
HTTP/1.1 200 OK
Content-Length: 88
Content-Type: application/json; charset=utf-8
cache-control: no-cache
 
5541 [AsyncHttpClient-1-2] DEBUG o.a.netty.channel.ChannelManager - Adding key: http://localhost:5750 for channel [id: 0xbaa5bb02, L:/127.0.0.1:49432 - R:localhost/127.0.0.1:5750] 
5558 [Forwarding clickElement on session e5ff067b76c427af485b6569429bdf58 to remote] DEBUG o.a.n.request.NettyRequestSender - Using pooled Channel '[id: 0xbaa5bb02, L:/127.0.0.1:49432 - R:localhost/127.0.0.1:5750]' for 'POST' to 'http://localhost:5750/session/e5ff067b76c427af485b6569429bdf58/element/dd191309-d84b-44c3-a1f7-9771f5a51007/click' 
5559 [Forwarding clickElement on session e5ff067b76c427af485b6569429bdf58 to remote] DEBUG o.a.n.request.NettyRequestSender - Using open Channel [id: 0xbaa5bb02, L:/127.0.0.1:49432 - R:localhost/127.0.0.1:5750] for POST '/session/e5ff067b76c427af485b6569429bdf58/element/dd191309-d84b-44c3-a1f7-9771f5a51007/click' 
5591 [AsyncHttpClient-1-2] DEBUG o.a.netty.handler.HttpHandler - 

Request DefaultHttpRequest(decodeResult: success, version: HTTP/1.1)
POST /session/e5ff067b76c427af485b6569429bdf58/element/dd191309-d84b-44c3-a1f7-9771f5a51007/click HTTP/1.1
User-Agent: selenium/4.0.0-alpha-7 (java windows)
Content-Length: 50
Content-Type: application/json; charset=utf-8
host: localhost:5750
accept: */*

Response DefaultHttpResponse(decodeResult: success, version: HTTP/1.1)
HTTP/1.1 200 OK
Content-Length: 14
Content-Type: application/json; charset=utf-8
cache-control: no-cache
 
5592 [AsyncHttpClient-1-2] DEBUG o.a.netty.channel.ChannelManager - Adding key: http://localhost:5750 for channel [id: 0xbaa5bb02, L:/127.0.0.1:49432 - R:localhost/127.0.0.1:5750] 
5594 [Forwarding findElement on session e5ff067b76c427af485b6569429bdf58 to remote] DEBUG o.a.n.request.NettyRequestSender - Using pooled Channel '[id: 0xbaa5bb02, L:/127.0.0.1:49432 - R:localhost/127.0.0.1:5750]' for 'POST' to 'http://localhost:5750/session/e5ff067b76c427af485b6569429bdf58/element' 
5594 [Forwarding findElement on session e5ff067b76c427af485b6569429bdf58 to remote] DEBUG o.a.n.request.NettyRequestSender - Using open Channel [id: 0xbaa5bb02, L:/127.0.0.1:49432 - R:localhost/127.0.0.1:5750] for POST '/session/e5ff067b76c427af485b6569429bdf58/element' 
5601 [AsyncHttpClient-1-2] DEBUG o.a.netty.handler.HttpHandler - 

Request DefaultHttpRequest(decodeResult: success, version: HTTP/1.1)
POST /session/e5ff067b76c427af485b6569429bdf58/element HTTP/1.1
User-Agent: selenium/4.0.0-alpha-7 (java windows)
Content-Length: 62
Content-Type: application/json; charset=utf-8
host: localhost:5750
accept: */*

Response DefaultHttpResponse(decodeResult: success, version: HTTP/1.1)
HTTP/1.1 200 OK
Content-Length: 88
Content-Type: application/json; charset=utf-8
cache-control: no-cache
 
5601 [AsyncHttpClient-1-2] DEBUG o.a.netty.channel.ChannelManager - Adding key: http://localhost:5750 for channel [id: 0xbaa5bb02, L:/127.0.0.1:49432 - R:localhost/127.0.0.1:5750] 
5605 [Forwarding getElementAttribute on session e5ff067b76c427af485b6569429bdf58 to remote] DEBUG o.a.n.request.NettyRequestSender - Using pooled Channel '[id: 0xbaa5bb02, L:/127.0.0.1:49432 - R:localhost/127.0.0.1:5750]' for 'POST' to 'http://localhost:5750/session/e5ff067b76c427af485b6569429bdf58/execute/sync' 
5605 [Forwarding getElementAttribute on session e5ff067b76c427af485b6569429bdf58 to remote] DEBUG o.a.n.request.NettyRequestSender - Using open Channel [id: 0xbaa5bb02, L:/127.0.0.1:49432 - R:localhost/127.0.0.1:5750] for POST '/session/e5ff067b76c427af485b6569429bdf58/execute/sync' 
5615 [AsyncHttpClient-1-2] DEBUG o.a.netty.handler.HttpHandler - 

Request DefaultHttpRequest(decodeResult: success, version: HTTP/1.1)
POST /session/e5ff067b76c427af485b6569429bdf58/execute/sync HTTP/1.1
User-Agent: selenium/4.0.0-alpha-7 (java windows)
Content-Length: 48527
Content-Type: application/json; charset=utf-8
host: localhost:5750
accept: */*

Response DefaultHttpResponse(decodeResult: success, version: HTTP/1.1)
HTTP/1.1 200 OK
Content-Length: 12
Content-Type: application/json; charset=utf-8
cache-control: no-cache
 
5615 [AsyncHttpClient-1-2] DEBUG o.a.netty.channel.ChannelManager - Adding key: http://localhost:5750 for channel [id: 0xbaa5bb02, L:/127.0.0.1:49432 - R:localhost/127.0.0.1:5750] 
5616 [Forwarding findElement on session e5ff067b76c427af485b6569429bdf58 to remote] DEBUG o.a.n.request.NettyRequestSender - Using pooled Channel '[id: 0xbaa5bb02, L:/127.0.0.1:49432 - R:localhost/127.0.0.1:5750]' for 'POST' to 'http://localhost:5750/session/e5ff067b76c427af485b6569429bdf58/element' 
5616 [Forwarding findElement on session e5ff067b76c427af485b6569429bdf58 to remote] DEBUG o.a.n.request.NettyRequestSender - Using open Channel [id: 0xbaa5bb02, L:/127.0.0.1:49432 - R:localhost/127.0.0.1:5750] for POST '/session/e5ff067b76c427af485b6569429bdf58/element' 
5622 [AsyncHttpClient-1-2] DEBUG o.a.netty.handler.HttpHandler - 

Request DefaultHttpRequest(decodeResult: success, version: HTTP/1.1)
POST /session/e5ff067b76c427af485b6569429bdf58/element HTTP/1.1
User-Agent: selenium/4.0.0-alpha-7 (java windows)
Content-Length: 62
Content-Type: application/json; charset=utf-8
host: localhost:5750
accept: */*

Response DefaultHttpResponse(decodeResult: success, version: HTTP/1.1)
HTTP/1.1 200 OK
Content-Length: 88
Content-Type: application/json; charset=utf-8
cache-control: no-cache
 
5622 [AsyncHttpClient-1-2] DEBUG o.a.netty.channel.ChannelManager - Adding key: http://localhost:5750 for channel [id: 0xbaa5bb02, L:/127.0.0.1:49432 - R:localhost/127.0.0.1:5750] 
5624 [Forwarding clearElement on session e5ff067b76c427af485b6569429bdf58 to remote] DEBUG o.a.n.request.NettyRequestSender - Using pooled Channel '[id: 0xbaa5bb02, L:/127.0.0.1:49432 - R:localhost/127.0.0.1:5750]' for 'POST' to 'http://localhost:5750/session/e5ff067b76c427af485b6569429bdf58/element/dd191309-d84b-44c3-a1f7-9771f5a51007/clear' 
5624 [Forwarding clearElement on session e5ff067b76c427af485b6569429bdf58 to remote] DEBUG o.a.n.request.NettyRequestSender - Using open Channel [id: 0xbaa5bb02, L:/127.0.0.1:49432 - R:localhost/127.0.0.1:5750] for POST '/session/e5ff067b76c427af485b6569429bdf58/element/dd191309-d84b-44c3-a1f7-9771f5a51007/clear' 
5643 [AsyncHttpClient-1-2] DEBUG o.a.netty.handler.HttpHandler - 

Request DefaultHttpRequest(decodeResult: success, version: HTTP/1.1)
POST /session/e5ff067b76c427af485b6569429bdf58/element/dd191309-d84b-44c3-a1f7-9771f5a51007/clear HTTP/1.1
User-Agent: selenium/4.0.0-alpha-7 (java windows)
Content-Length: 50
Content-Type: application/json; charset=utf-8
host: localhost:5750
accept: */*

Response DefaultHttpResponse(decodeResult: success, version: HTTP/1.1)
HTTP/1.1 200 OK
Content-Length: 14
Content-Type: application/json; charset=utf-8
cache-control: no-cache
 
5644 [AsyncHttpClient-1-2] DEBUG o.a.netty.channel.ChannelManager - Adding key: http://localhost:5750 for channel [id: 0xbaa5bb02, L:/127.0.0.1:49432 - R:localhost/127.0.0.1:5750] 
5645 [Forwarding findElement on session e5ff067b76c427af485b6569429bdf58 to remote] DEBUG o.a.n.request.NettyRequestSender - Using pooled Channel '[id: 0xbaa5bb02, L:/127.0.0.1:49432 - R:localhost/127.0.0.1:5750]' for 'POST' to 'http://localhost:5750/session/e5ff067b76c427af485b6569429bdf58/element' 
5645 [Forwarding findElement on session e5ff067b76c427af485b6569429bdf58 to remote] DEBUG o.a.n.request.NettyRequestSender - Using open Channel [id: 0xbaa5bb02, L:/127.0.0.1:49432 - R:localhost/127.0.0.1:5750] for POST '/session/e5ff067b76c427af485b6569429bdf58/element' 
5652 [AsyncHttpClient-1-2] DEBUG o.a.netty.handler.HttpHandler - 

Request DefaultHttpRequest(decodeResult: success, version: HTTP/1.1)
POST /session/e5ff067b76c427af485b6569429bdf58/element HTTP/1.1
User-Agent: selenium/4.0.0-alpha-7 (java windows)
Content-Length: 62
Content-Type: application/json; charset=utf-8
host: localhost:5750
accept: */*

Response DefaultHttpResponse(decodeResult: success, version: HTTP/1.1)
HTTP/1.1 200 OK
Content-Length: 88
Content-Type: application/json; charset=utf-8
cache-control: no-cache
 
5652 [AsyncHttpClient-1-2] DEBUG o.a.netty.channel.ChannelManager - Adding key: http://localhost:5750 for channel [id: 0xbaa5bb02, L:/127.0.0.1:49432 - R:localhost/127.0.0.1:5750] 
5654 [Forwarding sendKeysToElement on session e5ff067b76c427af485b6569429bdf58 to remote] DEBUG o.a.n.request.NettyRequestSender - Using pooled Channel '[id: 0xbaa5bb02, L:/127.0.0.1:49432 - R:localhost/127.0.0.1:5750]' for 'POST' to 'http://localhost:5750/session/e5ff067b76c427af485b6569429bdf58/element/dd191309-d84b-44c3-a1f7-9771f5a51007/value' 
5654 [Forwarding sendKeysToElement on session e5ff067b76c427af485b6569429bdf58 to remote] DEBUG o.a.n.request.NettyRequestSender - Using open Channel [id: 0xbaa5bb02, L:/127.0.0.1:49432 - R:localhost/127.0.0.1:5750] for POST '/session/e5ff067b76c427af485b6569429bdf58/element/dd191309-d84b-44c3-a1f7-9771f5a51007/value' 
5681 [AsyncHttpClient-1-2] DEBUG o.a.netty.handler.HttpHandler - 

Request DefaultHttpRequest(decodeResult: success, version: HTTP/1.1)
POST /session/e5ff067b76c427af485b6569429bdf58/element/dd191309-d84b-44c3-a1f7-9771f5a51007/value HTTP/1.1
User-Agent: selenium/4.0.0-alpha-7 (java windows)
Content-Length: 201
Content-Type: application/json; charset=utf-8
host: localhost:5750
accept: */*

Response DefaultHttpResponse(decodeResult: success, version: HTTP/1.1)
HTTP/1.1 200 OK
Content-Length: 14
Content-Type: application/json; charset=utf-8
cache-control: no-cache
 
5681 [AsyncHttpClient-1-2] DEBUG o.a.netty.channel.ChannelManager - Adding key: http://localhost:5750 for channel [id: 0xbaa5bb02, L:/127.0.0.1:49432 - R:localhost/127.0.0.1:5750] 
5684 [Forwarding findElement on session e5ff067b76c427af485b6569429bdf58 to remote] DEBUG o.a.n.request.NettyRequestSender - Using pooled Channel '[id: 0xbaa5bb02, L:/127.0.0.1:49432 - R:localhost/127.0.0.1:5750]' for 'POST' to 'http://localhost:5750/session/e5ff067b76c427af485b6569429bdf58/element' 
5684 [Forwarding findElement on session e5ff067b76c427af485b6569429bdf58 to remote] DEBUG o.a.n.request.NettyRequestSender - Using open Channel [id: 0xbaa5bb02, L:/127.0.0.1:49432 - R:localhost/127.0.0.1:5750] for POST '/session/e5ff067b76c427af485b6569429bdf58/element' 
5694 [AsyncHttpClient-1-2] DEBUG o.a.netty.handler.HttpHandler - 

Request DefaultHttpRequest(decodeResult: success, version: HTTP/1.1)
POST /session/e5ff067b76c427af485b6569429bdf58/element HTTP/1.1
User-Agent: selenium/4.0.0-alpha-7 (java windows)
Content-Length: 59
Content-Type: application/json; charset=utf-8
host: localhost:5750
accept: */*

Response DefaultHttpResponse(decodeResult: success, version: HTTP/1.1)
HTTP/1.1 200 OK
Content-Length: 88
Content-Type: application/json; charset=utf-8
cache-control: no-cache
 
5694 [AsyncHttpClient-1-2] DEBUG o.a.netty.channel.ChannelManager - Adding key: http://localhost:5750 for channel [id: 0xbaa5bb02, L:/127.0.0.1:49432 - R:localhost/127.0.0.1:5750] 
5697 [Forwarding sendKeysToElement on session e5ff067b76c427af485b6569429bdf58 to remote] DEBUG o.a.n.request.NettyRequestSender - Using pooled Channel '[id: 0xbaa5bb02, L:/127.0.0.1:49432 - R:localhost/127.0.0.1:5750]' for 'POST' to 'http://localhost:5750/session/e5ff067b76c427af485b6569429bdf58/element/7d95eede-d50d-44b2-a5c4-cb6794cbf521/value' 
5697 [Forwarding sendKeysToElement on session e5ff067b76c427af485b6569429bdf58 to remote] DEBUG o.a.n.request.NettyRequestSender - Using open Channel [id: 0xbaa5bb02, L:/127.0.0.1:49432 - R:localhost/127.0.0.1:5750] for POST '/session/e5ff067b76c427af485b6569429bdf58/element/7d95eede-d50d-44b2-a5c4-cb6794cbf521/value' 
5729 [AsyncHttpClient-1-2] DEBUG o.a.netty.handler.HttpHandler - 

Request DefaultHttpRequest(decodeResult: success, version: HTTP/1.1)
POST /session/e5ff067b76c427af485b6569429bdf58/element/7d95eede-d50d-44b2-a5c4-cb6794cbf521/value HTTP/1.1
User-Agent: selenium/4.0.0-alpha-7 (java windows)
Content-Length: 1041
Content-Type: application/json; charset=utf-8
host: localhost:5750
accept: */*

Response DefaultHttpResponse(decodeResult: success, version: HTTP/1.1)
HTTP/1.1 200 OK
Content-Length: 14
Content-Type: application/json; charset=utf-8
cache-control: no-cache
 
5729 [AsyncHttpClient-1-2] DEBUG o.a.netty.channel.ChannelManager - Adding key: http://localhost:5750 for channel [id: 0xbaa5bb02, L:/127.0.0.1:49432 - R:localhost/127.0.0.1:5750] 
5731 [Forwarding findElement on session e5ff067b76c427af485b6569429bdf58 to remote] DEBUG o.a.n.request.NettyRequestSender - Using pooled Channel '[id: 0xbaa5bb02, L:/127.0.0.1:49432 - R:localhost/127.0.0.1:5750]' for 'POST' to 'http://localhost:5750/session/e5ff067b76c427af485b6569429bdf58/element' 
5731 [Forwarding findElement on session e5ff067b76c427af485b6569429bdf58 to remote] DEBUG o.a.n.request.NettyRequestSender - Using open Channel [id: 0xbaa5bb02, L:/127.0.0.1:49432 - R:localhost/127.0.0.1:5750] for POST '/session/e5ff067b76c427af485b6569429bdf58/element' 
5740 [AsyncHttpClient-1-2] DEBUG o.a.netty.handler.HttpHandler - 

Request DefaultHttpRequest(decodeResult: success, version: HTTP/1.1)
POST /session/e5ff067b76c427af485b6569429bdf58/element HTTP/1.1
User-Agent: selenium/4.0.0-alpha-7 (java windows)
Content-Length: 60
Content-Type: application/json; charset=utf-8
host: localhost:5750
accept: */*

Response DefaultHttpResponse(decodeResult: success, version: HTTP/1.1)
HTTP/1.1 200 OK
Content-Length: 88
Content-Type: application/json; charset=utf-8
cache-control: no-cache
 
5741 [AsyncHttpClient-1-2] DEBUG o.a.netty.channel.ChannelManager - Adding key: http://localhost:5750 for channel [id: 0xbaa5bb02, L:/127.0.0.1:49432 - R:localhost/127.0.0.1:5750] 
5742 [Forwarding clickElement on session e5ff067b76c427af485b6569429bdf58 to remote] DEBUG o.a.n.request.NettyRequestSender - Using pooled Channel '[id: 0xbaa5bb02, L:/127.0.0.1:49432 - R:localhost/127.0.0.1:5750]' for 'POST' to 'http://localhost:5750/session/e5ff067b76c427af485b6569429bdf58/element/524ebe6c-af4c-4bb3-979e-9cf14e6e28f9/click' 
5743 [Forwarding clickElement on session e5ff067b76c427af485b6569429bdf58 to remote] DEBUG o.a.n.request.NettyRequestSender - Using open Channel [id: 0xbaa5bb02, L:/127.0.0.1:49432 - R:localhost/127.0.0.1:5750] for POST '/session/e5ff067b76c427af485b6569429bdf58/element/524ebe6c-af4c-4bb3-979e-9cf14e6e28f9/click' 
5912 [AsyncHttpClient-1-1] DEBUG o.a.n.channel.DefaultChannelPool - Entry count for : http://localhost:49433 : 1 
5951 [AsyncHttpClient-1-2] DEBUG o.a.netty.handler.HttpHandler - 

Request DefaultHttpRequest(decodeResult: success, version: HTTP/1.1)
POST /session/e5ff067b76c427af485b6569429bdf58/element/524ebe6c-af4c-4bb3-979e-9cf14e6e28f9/click HTTP/1.1
User-Agent: selenium/4.0.0-alpha-7 (java windows)
Content-Length: 50
Content-Type: application/json; charset=utf-8
host: localhost:5750
accept: */*

Response DefaultHttpResponse(decodeResult: success, version: HTTP/1.1)
HTTP/1.1 200 OK
Content-Length: 14
Content-Type: application/json; charset=utf-8
cache-control: no-cache
 
5952 [AsyncHttpClient-1-2] DEBUG o.a.netty.channel.ChannelManager - Adding key: http://localhost:5750 for channel [id: 0xbaa5bb02, L:/127.0.0.1:49432 - R:localhost/127.0.0.1:5750] 
5954 [Forwarding findElement on session e5ff067b76c427af485b6569429bdf58 to remote] DEBUG o.a.n.request.NettyRequestSender - Using pooled Channel '[id: 0xbaa5bb02, L:/127.0.0.1:49432 - R:localhost/127.0.0.1:5750]' for 'POST' to 'http://localhost:5750/session/e5ff067b76c427af485b6569429bdf58/element' 
5954 [Forwarding findElement on session e5ff067b76c427af485b6569429bdf58 to remote] DEBUG o.a.n.request.NettyRequestSender - Using open Channel [id: 0xbaa5bb02, L:/127.0.0.1:49432 - R:localhost/127.0.0.1:5750] for POST '/session/e5ff067b76c427af485b6569429bdf58/element' 
5976 [AsyncHttpClient-1-2] DEBUG o.a.netty.handler.HttpHandler - 

Request DefaultHttpRequest(decodeResult: success, version: HTTP/1.1)
POST /session/e5ff067b76c427af485b6569429bdf58/element HTTP/1.1
User-Agent: selenium/4.0.0-alpha-7 (java windows)
Content-Length: 50
Content-Type: application/json; charset=utf-8
host: localhost:5750
accept: */*

Response DefaultHttpResponse(decodeResult: success, version: HTTP/1.1)
HTTP/1.1 200 OK
Content-Length: 88
Content-Type: application/json; charset=utf-8
cache-control: no-cache
 
5977 [AsyncHttpClient-1-2] DEBUG o.a.netty.channel.ChannelManager - Adding key: http://localhost:5750 for channel [id: 0xbaa5bb02, L:/127.0.0.1:49432 - R:localhost/127.0.0.1:5750] 
5978 [Forwarding clickElement on session e5ff067b76c427af485b6569429bdf58 to remote] DEBUG o.a.n.request.NettyRequestSender - Using pooled Channel '[id: 0xbaa5bb02, L:/127.0.0.1:49432 - R:localhost/127.0.0.1:5750]' for 'POST' to 'http://localhost:5750/session/e5ff067b76c427af485b6569429bdf58/element/3ef48b44-df09-470d-8b56-7b322f0f1c41/click' 
5978 [Forwarding clickElement on session e5ff067b76c427af485b6569429bdf58 to remote] DEBUG o.a.n.request.NettyRequestSender - Using open Channel [id: 0xbaa5bb02, L:/127.0.0.1:49432 - R:localhost/127.0.0.1:5750] for POST '/session/e5ff067b76c427af485b6569429bdf58/element/3ef48b44-df09-470d-8b56-7b322f0f1c41/click' 
6090 [AsyncHttpClient-1-2] DEBUG o.a.netty.handler.HttpHandler - 

Request DefaultHttpRequest(decodeResult: success, version: HTTP/1.1)
POST /session/e5ff067b76c427af485b6569429bdf58/element/3ef48b44-df09-470d-8b56-7b322f0f1c41/click HTTP/1.1
User-Agent: selenium/4.0.0-alpha-7 (java windows)
Content-Length: 50
Content-Type: application/json; charset=utf-8
host: localhost:5750
accept: */*

Response DefaultHttpResponse(decodeResult: success, version: HTTP/1.1)
HTTP/1.1 200 OK
Content-Length: 14
Content-Type: application/json; charset=utf-8
cache-control: no-cache
 
6090 [AsyncHttpClient-1-2] DEBUG o.a.netty.channel.ChannelManager - Adding key: http://localhost:5750 for channel [id: 0xbaa5bb02, L:/127.0.0.1:49432 - R:localhost/127.0.0.1:5750] 
6093 [Test worker] INFO  garuda.dndz.ua.tests.TestBase - Stop test testContactCreation 
]]></system-out>
  <system-err><![CDATA[]]></system-err>
</testsuite>
