<?xml version="1.0" encoding="UTF-8"?>
<testsuite name="garuda.dndz.ua.tests.GroupCreationTests" tests="1" skipped="0" failures="0" errors="0" timestamp="2020-12-09T13:57:00" hostname="GARUDA-PC" time="1.162">
  <properties/>
  <testcase name="addGroupTest" classname="garuda.dndz.ua.tests.GroupCreationTests" time="1.162"/>
  <system-out><![CDATA[]]></system-out>
  <system-err><![CDATA[]]></system-err>
</testsuite>
