<?xml version="1.0" encoding="UTF-8"?>
<testsuite name="garuda.dndz.ua.tests.ContactPhoneTest" tests="1" skipped="0" failures="0" errors="0" timestamp="2020-12-10T13:15:23" hostname="GARUDA-PC" time="0.399">
  <properties/>
  <testcase name="testContactPhone" classname="garuda.dndz.ua.tests.ContactPhoneTest" time="0.399"/>
  <system-out><![CDATA[]]></system-out>
  <system-err><![CDATA[]]></system-err>
</testsuite>
