<?xml version="1.0" encoding="UTF-8"?>
<testsuite name="garuda.dndz.ua.tests.GroupModificationTests" tests="1" skipped="0" failures="0" errors="0" timestamp="2020-12-07T13:41:27" hostname="GARUDA-PC" time="0.885">
  <properties/>
  <testcase name="modificationTest" classname="garuda.dndz.ua.tests.GroupModificationTests" time="0.885"/>
  <system-out><![CDATA[]]></system-out>
  <system-err><![CDATA[]]></system-err>
</testsuite>
