<?xml version="1.0" encoding="UTF-8"?>
<testsuite name="garuda.dndz.ua.tests.GroupCreationTests" tests="11" skipped="0" failures="0" errors="0" timestamp="2020-12-11T14:27:35" hostname="GARUDA-PC" time="24.954">
  <properties/>
  <testcase name="addGroupBadTest" classname="garuda.dndz.ua.tests.GroupCreationTests" time="3.316"/>
  <testcase name="addGroupTest[0](GroupData{id='0', name='test 0'})" classname="garuda.dndz.ua.tests.GroupCreationTests" time="2.103"/>
  <testcase name="addGroupTest[1](GroupData{id='0', name='test 1'})" classname="garuda.dndz.ua.tests.GroupCreationTests" time="2.061"/>
  <testcase name="addGroupTest[2](GroupData{id='0', name='test 2'})" classname="garuda.dndz.ua.tests.GroupCreationTests" time="2.204"/>
  <testcase name="addGroupTest[3](GroupData{id='0', name='test 3'})" classname="garuda.dndz.ua.tests.GroupCreationTests" time="2.034"/>
  <testcase name="addGroupTest[4](GroupData{id='0', name='test 4'})" classname="garuda.dndz.ua.tests.GroupCreationTests" time="2.109"/>
  <testcase name="addGroupTest[5](GroupData{id='0', name='test 5'})" classname="garuda.dndz.ua.tests.GroupCreationTests" time="2.118"/>
  <testcase name="addGroupTest[6](GroupData{id='0', name='test 6'})" classname="garuda.dndz.ua.tests.GroupCreationTests" time="2.161"/>
  <testcase name="addGroupTest[7](GroupData{id='0', name='test 7'})" classname="garuda.dndz.ua.tests.GroupCreationTests" time="2.173"/>
  <testcase name="addGroupTest[8](GroupData{id='0', name='test 8'})" classname="garuda.dndz.ua.tests.GroupCreationTests" time="2.235"/>
  <testcase name="addGroupTest[9](GroupData{id='0', name='test 9'})" classname="garuda.dndz.ua.tests.GroupCreationTests" time="2.253"/>
  <system-out><![CDATA[]]></system-out>
  <system-err><![CDATA[Security framework of XStream not explicitly initialized, using predefined black list on your own risk.
]]></system-err>
</testsuite>
