<?xml version="1.0" encoding="UTF-8"?>
<testsuite name="garuda.dndz.ua.tests.GroupDeletionTests" tests="1" skipped="0" failures="0" errors="0" timestamp="2020-12-14T12:05:29" hostname="GARUDA-PC" time="2.494">
  <properties/>
  <testcase name="deleteGroup" classname="garuda.dndz.ua.tests.GroupDeletionTests" time="2.494"/>
  <system-out><![CDATA[]]></system-out>
  <system-err><![CDATA[]]></system-err>
</testsuite>
