<?xml version="1.0" encoding="UTF-8"?>
<testsuite name="garuda.dndz.ua.tests.ContactCreationTest" tests="1" skipped="0" failures="0" errors="0" timestamp="2020-12-07T13:41:23" hostname="GARUDA-PC" time="0.829">
  <properties/>
  <testcase name="testContactCreation" classname="garuda.dndz.ua.tests.ContactCreationTest" time="0.829"/>
  <system-out><![CDATA[]]></system-out>
  <system-err><![CDATA[]]></system-err>
</testsuite>
