<?xml version="1.0" encoding="UTF-8"?>
<testsuite name="garuda.dndz.ua.tests.GroupDeletionTests" tests="1" skipped="0" failures="0" errors="0" timestamp="2020-12-09T13:50:45" hostname="GARUDA-PC" time="0.717">
  <properties/>
  <testcase name="deleteGroup" classname="garuda.dndz.ua.tests.GroupDeletionTests" time="0.717"/>
  <system-out><![CDATA[]]></system-out>
  <system-err><![CDATA[]]></system-err>
</testsuite>
