<?xml version="1.0" encoding="UTF-8"?>
<testsuite name="garuda.dndz.ua.tests.HbConnectionTest" tests="1" skipped="0" failures="0" errors="0" timestamp="2020-12-18T14:59:53" hostname="GARUDA-PC" time="0.218">
  <properties/>
  <testcase name="testHbConnection" classname="garuda.dndz.ua.tests.HbConnectionTest" time="0.218"/>
  <system-out><![CDATA[283  [Test worker] INFO  org.hibernate.Version - HHH000412: Hibernate Core {5.1.0.Final} 
283  [Test worker] INFO  org.hibernate.cfg.Environment - HHH000206: hibernate.properties not found 
283  [Test worker] INFO  org.hibernate.cfg.Environment - HHH000021: Bytecode provider name : javassist 
598  [Test worker] INFO  o.h.annotations.common.Version - HCANN000001: Hibernate Commons Annotations {5.0.1.Final} 
676  [Test worker] WARN  org.hibernate.orm.connections - HHH10001002: Using Hibernate built-in connection pool (not for production use!) 
676  [Test worker] INFO  org.hibernate.orm.connections - HHH10001005: using driver [com.mysql.cj.jdbc.Driver] at URL [jdbc:mysql://localhost:3306/addressbook?useUnicode=true&serverTimezone=UTC&useSSL=false] 
676  [Test worker] INFO  org.hibernate.orm.connections - HHH10001001: Connection properties: {password=, user=root} 
676  [Test worker] INFO  org.hibernate.orm.connections - HHH10001003: Autocommit mode: false 
691  [Test worker] INFO  o.h.e.j.c.i.DriverManagerConnectionProviderImpl - HHH000115: Hibernate connection pool size: 1 (min=1) 
863  [Test worker] INFO  org.hibernate.dialect.Dialect - HHH000400: Using dialect: org.hibernate.dialect.MySQLDialect 
1675 [Test worker] INFO  o.h.h.i.QueryTranslatorFactoryInitiator - HHH000397: Using ASTQueryTranslatorFactory 
Hibernate: select contactdat0_.id as id1_1_, contactdat0_.firstname as firstnam2_1_, contactdat0_.home as home3_1_, contactdat0_.lastname as lastname4_1_, contactdat0_.mobile as mobile5_1_, contactdat0_.photo as photo6_1_, contactdat0_.work as work7_1_ from addressbook contactdat0_ where deprecated='0000-00-00'
ContactData{id=49, firstname='test_name', lastname='test_name'}
Hibernate: select groups0_.id as id1_0_0_, groups0_.group_id as group_id2_0_0_, groupdata1_.group_id as group_id1_2_1_, groupdata1_.group_footer as group_fo2_2_1_, groupdata1_.group_header as group_he3_2_1_, groupdata1_.group_name as group_na4_2_1_ from address_in_groups groups0_ inner join group_list groupdata1_ on groups0_.group_id=groupdata1_.group_id where groups0_.id=?
[GroupData{id='44', name='test1'}]
]]></system-out>
  <system-err><![CDATA[]]></system-err>
</testsuite>
