<?xml version="1.0" encoding="UTF-8"?>
<testsuite name="garuda.dndz.ua.tests.GroupModificationTests" tests="1" skipped="0" failures="0" errors="0" timestamp="2020-12-14T12:05:26" hostname="GARUDA-PC" time="2.983">
  <properties/>
  <testcase name="modificationTest" classname="garuda.dndz.ua.tests.GroupModificationTests" time="2.983"/>
  <system-out><![CDATA[]]></system-out>
  <system-err><![CDATA[]]></system-err>
</testsuite>
