<?xml version="1.0" encoding="UTF-8"?>
<testsuite name="garuda.dndz.ua.tests.GroupCreationTests" tests="4" skipped="0" failures="0" errors="0" timestamp="2020-12-11T12:40:59" hostname="GARUDA-PC" time="6.314">
  <properties/>
  <testcase name="addGroupBadTest" classname="garuda.dndz.ua.tests.GroupCreationTests" time="1.876"/>
  <testcase name="addGroupTest[0](GroupData{id='2147483647', name='test1'})" classname="garuda.dndz.ua.tests.GroupCreationTests" time="1.534"/>
  <testcase name="addGroupTest[1](GroupData{id='2147483647', name='test2'})" classname="garuda.dndz.ua.tests.GroupCreationTests" time="1.438"/>
  <testcase name="addGroupTest[2](GroupData{id='2147483647', name='test3'})" classname="garuda.dndz.ua.tests.GroupCreationTests" time="1.446"/>
  <system-out><![CDATA[]]></system-out>
  <system-err><![CDATA[]]></system-err>
</testsuite>
